1557631135.025050 client started (56292): version 2.8, socket /private/tmp/tmux-501/default, protocol 8
1557631135.025124 on Darwin 18.5.0 Darwin Kernel Version 18.5.0: Mon Mar 11 20:40:32 PDT 2019; root:xnu-4903.251.3~3/RELEASE_X86_64; libevent 2.1.8-stable (select)
1557631135.025179 socket is /private/tmp/tmux-501/default
1557631135.025210 trying connect
1557631135.025327 add peer 0x10c828000: 6 (0x0)
1557631135.027079 sending message 100 to peer 0x10c828000 (4 bytes)
1557631135.027103 sending message 101 to peer 0x10c828000 (16 bytes)
1557631135.027114 sending message 102 to peer 0x10c828000 (13 bytes)
1557631135.027124 sending message 108 to peer 0x10c828000 (38 bytes)
1557631135.027142 sending message 104 to peer 0x10c828000 (0 bytes)
1557631135.027152 sending message 107 to peer 0x10c828000 (4 bytes)
1557631135.027161 sending message 105 to peer 0x10c828000 (53 bytes)
1557631135.027171 sending message 105 to peer 0x10c828000 (57 bytes)
1557631135.027180 sending message 105 to peer 0x10c828000 (23 bytes)
1557631135.027189 sending message 105 to peer 0x10c828000 (76 bytes)
1557631135.027198 sending message 105 to peer 0x10c828000 (13 bytes)
1557631135.027207 sending message 105 to peer 0x10c828000 (14 bytes)
1557631135.027216 sending message 105 to peer 0x10c828000 (20 bytes)
1557631135.027225 sending message 105 to peer 0x10c828000 (12 bytes)
1557631135.027234 sending message 105 to peer 0x10c828000 (37 bytes)
1557631135.027243 sending message 105 to peer 0x10c828000 (38 bytes)
1557631135.027252 sending message 105 to peer 0x10c828000 (31 bytes)
1557631135.027261 sending message 105 to peer 0x10c828000 (33 bytes)
1557631135.027270 sending message 105 to peer 0x10c828000 (17 bytes)
1557631135.027279 sending message 105 to peer 0x10c828000 (21 bytes)
1557631135.027289 sending message 105 to peer 0x10c828000 (25 bytes)
1557631135.027298 sending message 105 to peer 0x10c828000 (34 bytes)
1557631135.027307 sending message 105 to peer 0x10c828000 (67 bytes)
1557631135.027316 sending message 105 to peer 0x10c828000 (29 bytes)
1557631135.027325 sending message 105 to peer 0x10c828000 (27 bytes)
1557631135.027334 sending message 105 to peer 0x10c828000 (40 bytes)
1557631135.027343 sending message 105 to peer 0x10c828000 (22 bytes)
1557631135.027352 sending message 105 to peer 0x10c828000 (61 bytes)
1557631135.027361 sending message 105 to peer 0x10c828000 (51 bytes)
1557631135.027370 sending message 105 to peer 0x10c828000 (17 bytes)
1557631135.027379 sending message 105 to peer 0x10c828000 (19 bytes)
1557631135.027388 sending message 105 to peer 0x10c828000 (28 bytes)
1557631135.027397 sending message 105 to peer 0x10c828000 (25 bytes)
1557631135.027406 sending message 105 to peer 0x10c828000 (25 bytes)
1557631135.027415 sending message 105 to peer 0x10c828000 (21 bytes)
1557631135.027424 sending message 105 to peer 0x10c828000 (21 bytes)
1557631135.027433 sending message 105 to peer 0x10c828000 (28 bytes)
1557631135.027442 sending message 105 to peer 0x10c828000 (21 bytes)
1557631135.027451 sending message 105 to peer 0x10c828000 (25 bytes)
1557631135.027460 sending message 105 to peer 0x10c828000 (21 bytes)
1557631135.027468 sending message 105 to peer 0x10c828000 (32 bytes)
1557631135.027478 sending message 105 to peer 0x10c828000 (107 bytes)
1557631135.027487 sending message 105 to peer 0x10c828000 (40 bytes)
1557631135.027496 sending message 105 to peer 0x10c828000 (11 bytes)
1557631135.027505 sending message 105 to peer 0x10c828000 (899 bytes)
1557631135.027514 sending message 105 to peer 0x10c828000 (28 bytes)
1557631135.027523 sending message 105 to peer 0x10c828000 (42 bytes)
1557631135.027532 sending message 105 to peer 0x10c828000 (146 bytes)
1557631135.027541 sending message 105 to peer 0x10c828000 (38 bytes)
1557631135.027550 sending message 105 to peer 0x10c828000 (16 bytes)
1557631135.027559 sending message 105 to peer 0x10c828000 (63 bytes)
1557631135.027568 sending message 105 to peer 0x10c828000 (25 bytes)
1557631135.027577 sending message 105 to peer 0x10c828000 (8 bytes)
1557631135.027586 sending message 105 to peer 0x10c828000 (83 bytes)
1557631135.027606 sending message 105 to peer 0x10c828000 (21 bytes)
1557631135.027613 sending message 105 to peer 0x10c828000 (23 bytes)
1557631135.027619 sending message 105 to peer 0x10c828000 (27 bytes)
1557631135.027626 sending message 105 to peer 0x10c828000 (60 bytes)
1557631135.027632 sending message 105 to peer 0x10c828000 (57 bytes)
1557631135.027638 sending message 105 to peer 0x10c828000 (43 bytes)
1557631135.027645 sending message 105 to peer 0x10c828000 (14 bytes)
1557631135.027651 sending message 105 to peer 0x10c828000 (18 bytes)
1557631135.027657 sending message 105 to peer 0x10c828000 (48 bytes)
1557631135.027664 sending message 105 to peer 0x10c828000 (30 bytes)
1557631135.027670 sending message 105 to peer 0x10c828000 (12 bytes)
1557631135.027677 sending message 105 to peer 0x10c828000 (45 bytes)
1557631135.027683 sending message 105 to peer 0x10c828000 (14 bytes)
1557631135.027690 sending message 105 to peer 0x10c828000 (19 bytes)
1557631135.027697 sending message 105 to peer 0x10c828000 (21 bytes)
1557631135.027703 sending message 105 to peer 0x10c828000 (38 bytes)
1557631135.027709 sending message 105 to peer 0x10c828000 (8 bytes)
1557631135.027716 sending message 105 to peer 0x10c828000 (109 bytes)
1557631135.027723 sending message 105 to peer 0x10c828000 (33 bytes)
1557631135.027729 sending message 105 to peer 0x10c828000 (16 bytes)
1557631135.027736 sending message 105 to peer 0x10c828000 (60 bytes)
1557631135.027743 sending message 105 to peer 0x10c828000 (22 bytes)
1557631135.027749 sending message 106 to peer 0x10c828000 (0 bytes)
1557631135.027760 sending message 200 to peer 0x10c828000 (4 bytes)
1557631135.027767 client loop enter
1557631135.028068 peer 0x10c828000 message 211
1557631135.028089 client_write: sessions should be nested with care, unset $TMUX to force\n
1557631135.028113 peer 0x10c828000 message 203
1557631135.028122 client loop exit
